<?xml version="1.0" encoding="UTF-8"?>
<!-- Generated by org.testng.reporters.JUnitReportReporter -->
<testsuite hostname="DESKTOP-KKAIG1T" failures="0" tests="1" name="RestAPI.EndToEndTest" time="3.162" errors="0" timestamp="05 Jan 2023 21:47:47 GMT" skipped="0">
  <testcase classname="RestAPI.EndToEndTest" name="test" time="3.162"/>
</testsuite> <!-- RestAPI.EndToEndTest -->
